Build started 28/03/2023 18:58:25.
     1>Project "C:\Users\Mike\Documents\Visual Studio 2013\Projects\SFMLBasicProj\SFMLBasicProj\SFMLBasicProj.vcxproj" on node 2 (Build target(s)).
     1>ClCompile:
         C:\Program Files (x86)\Microsoft Visual Studio 12.0\VC\bin\CL.exe /c /I"C:\SFML-2.3\include" /ZI /nologo /W3 /WX- /sdl /Od /Oy- /D WIN32 /D _WINDOWS /D _DEBUG /D SFML_STATIC /D _MBCS /Gm /EHsc /RTC1 /MDd /GS /fp:precise /Zc:wchar_t /Zc:forScope /Fo"Debug\\" /Fd"Debug\vc120.pdb" /Gd /TP /analyze- /errorReport:prompt src\GameState.cpp
         GameState.cpp
       Link:
         C:\Program Files (x86)\Microsoft Visual Studio 12.0\VC\bin\link.exe /ERRORREPORT:PROMPT /OUT:"C:\Users\Mike\Documents\Visual Studio 2013\Projects\SFMLBasicProj\Debug\SFMLBasicProj.exe" /INCREMENTAL /NOLOGO /LIBPATH:"C:\SFML-2.3\lib" opengl32.lib winmm.lib ogg.lib vorbis.lib vorbisenc.lib vorbisfile.lib flac.lib freetype.lib jpeg.lib "sfml-system-s-d.lib" "sfml-graphics-s-d.lib" "sfml-window-s-d.lib" "sfml-network-s-d.lib" "sfml-audio-s-d.lib" kernel32.lib user32.lib gdi32.lib winspool.lib comdlg32.lib advapi32.lib shell32.lib ole32.lib oleaut32.lib uuid.lib odbc32.lib odbccp32.lib /MANIFEST /MANIFESTUAC:"level='asInvoker' uiAccess='false'" /manifest:embed /DEBUG /PDB:"C:\Users\Mike\Documents\Visual Studio 2013\Projects\SFMLBasicProj\Debug\SFMLBasicProj.pdb" /TLBID:1 /DYNAMICBASE /NXCOMPAT /IMPLIB:"C:\Users\Mike\Documents\Visual Studio 2013\Projects\SFMLBasicProj\Debug\SFMLBasicProj.lib" /MACHINE:X86 Debug\Background.obj
         Debug\Bullet.obj
         Debug\Controls.obj
         Debug\Enemy.obj
         Debug\AnimSprite.obj
         Debug\Settings.obj
         Debug\Game.obj
         Debug\GameState.obj
         Debug\mainApp.obj
         Debug\Player.obj
         SFMLBasicProj.vcxproj -> C:\Users\Mike\Documents\Visual Studio 2013\Projects\SFMLBasicProj\Debug\SFMLBasicProj.exe
     1>Done Building Project "C:\Users\Mike\Documents\Visual Studio 2013\Projects\SFMLBasicProj\SFMLBasicProj\SFMLBasicProj.vcxproj" (Build target(s)).

Build succeeded.

Time Elapsed 00:00:01.65
